<?xml version="1.0" encoding="UTF-8"?>
<!-- Generated by org.testng.reporters.JUnitReportReporter -->
<testsuite hostname="KAROL-PC" failures="0" tests="1" name="com.extendreports.test.ExtentReportsFile" time="4.048" errors="0" timestamp="20 may. 2021 21:11:25 GMT" skipped="0">
  <testcase classname="com.extendreports.test.ExtentReportsFile" name="extendTest" time="4.048"/>
</testsuite> <!-- com.extendreports.test.ExtentReportsFile -->
